🚀 Starting dependency update process...
🧹 Generating requirements.in from requirements.txt...
♻️ Removing old virtual environment (.venv)...
📦 Creating new virtual environment...
🛠 Installing pip-tools...
📡 Upgrading dependencies using pip-compile...
Traceback (most recent call last):
  File "<frozen runpy>", line 198, in _run_module_as_main
  File "<frozen runpy>", line 88, in _run_code
  File "D:\www\micro-service-zoo\zoo-python-flask\.venv\Scripts\pip-compile.exe\__main__.py", line 6, in <module>
    sys.exit(cli())
             ~~~^^
  File "D:\www\micro-service-zoo\zoo-python-flask\.venv\Lib\site-packages\click\core.py", line 1462, in __call__
    return self.main(*args, **kwargs)
           ~~~~~~~~~^^^^^^^^^^^^^^^^^
  File "D:\www\micro-service-zoo\zoo-python-flask\.venv\Lib\site-packages\click\core.py", line 1383, in main
    rv = self.invoke(ctx)
  File "D:\www\micro-service-zoo\zoo-python-flask\.venv\Lib\site-packages\click\core.py", line 1246, in invoke
    return ctx.invoke(self.callback, **ctx.params)
           ~~~~~~~~~~^^^^^^^^^^^^^^^^^^^^^^^^^^^^^
  File "D:\www\micro-service-zoo\zoo-python-flask\.venv\Lib\site-packages\click\core.py", line 814, in invoke
    return callback(*args, **kwargs)
  File "D:\www\micro-service-zoo\zoo-python-flask\.venv\Lib\site-packages\click\decorators.py", line 34, in new_func
    return f(get_current_context(), *args, **kwargs)
  File "D:\www\micro-service-zoo\zoo-python-flask\.venv\Lib\site-packages\piptools\scripts\compile.py", line 392, in cli
    constraints.extend(
    ~~~~~~~~~~~~~~~~~~^
        parse_requirements(
        ^^^^^^^^^^^^^^^^^^^
    ...<4 lines>...
        )
        ^
    )
    ^
  File "D:\www\micro-service-zoo\zoo-python-flask\.venv\Lib\site-packages\piptools\_compat\pip_compat.py", line 115, in parse_requirements
    install_req = copy_install_requirement(install_req)
  File "D:\www\micro-service-zoo\zoo-python-flask\.venv\Lib\site-packages\piptools\utils.py", line 503, in copy_install_requirement
    "use_pep517": template.use_pep517,
                  ^^^^^^^^^^^^^^^^^^^
AttributeError: 'InstallRequirement' object has no attribute 'use_pep517'
