ðŸš€ Starting dependency update process...
ðŸ§¹ Generating requirements.in from requirements.txt...
â™»ï¸ Removing old virtual environment (.venv)...
ðŸ“¦ Creating new virtual environment...
ðŸ›  Installing pip-tools...
Requirement already satisfied: pip in d:\www\micro-service-zoo\zoo-python-fastapi\.venv\lib\site-packages (25.2)
Collecting pip
  Using cached pip-25.3-py3-none-any.whl.metadata (4.7 kB)
Collecting setuptools
  Using cached setuptools-80.9.0-py3-none-any.whl.metadata (6.6 kB)
Collecting wheel
  Using cached wheel-0.45.1-py3-none-any.whl.metadata (2.3 kB)
Using cached pip-25.3-py3-none-any.whl (1.8 MB)
Using cached setuptools-80.9.0-py3-none-any.whl (1.2 MB)
Using cached wheel-0.45.1-py3-none-any.whl (72 kB)
Installing collected packages: wheel, setuptools, pip
  Attempting uninstall: pip
    Found existing installation: pip 25.2
    Uninstalling pip-25.2:
      Successfully uninstalled pip-25.2

Successfully installed pip-25.3 setuptools-80.9.0 wheel-0.45.1
Collecting pip-tools>=7.4
  Using cached pip_tools-7.5.1-py3-none-any.whl.metadata (26 kB)
Collecting build>=1.0.0 (from pip-tools>=7.4)
  Using cached build-1.3.0-py3-none-any.whl.metadata (5.6 kB)
Collecting click>=8 (from pip-tools>=7.4)
  Using cached click-8.3.0-py3-none-any.whl.metadata (2.6 kB)
Requirement already satisfied: pip>=22.2 in d:\www\micro-service-zoo\zoo-python-fastapi\.venv\lib\site-packages (from pip-tools>=7.4) (25.3)
Collecting pyproject_hooks (from pip-tools>=7.4)
  Using cached pyproject_hooks-1.2.0-py3-none-any.whl.metadata (1.3 kB)
Requirement already satisfied: setuptools in d:\www\micro-service-zoo\zoo-python-fastapi\.venv\lib\site-packages (from pip-tools>=7.4) (80.9.0)
Requirement already satisfied: wheel in d:\www\micro-service-zoo\zoo-python-fastapi\.venv\lib\site-packages (from pip-tools>=7.4) (0.45.1)
Collecting packaging>=19.1 (from build>=1.0.0->pip-tools>=7.4)
  Using cached packaging-25.0-py3-none-any.whl.metadata (3.3 kB)
Collecting colorama (from build>=1.0.0->pip-tools>=7.4)
  Using cached colorama-0.4.6-py2.py3-none-any.whl.metadata (17 kB)
Using cached pip_tools-7.5.1-py3-none-any.whl (65 kB)
Using cached build-1.3.0-py3-none-any.whl (23 kB)
Using cached click-8.3.0-py3-none-any.whl (107 kB)
Using cached packaging-25.0-py3-none-any.whl (66 kB)
Using cached colorama-0.4.6-py2.py3-none-any.whl (25 kB)
Using cached pyproject_hooks-1.2.0-py3-none-any.whl (10 kB)
Installing collected packages: pyproject_hooks, packaging, colorama, click, build, pip-tools

Successfully installed build-1.3.0 click-8.3.0 colorama-0.4.6 packaging-25.0 pip-tools-7.5.1 pyproject_hooks-1.2.0
ðŸ“¡ Upgrading dependencies using pip-compile...
Traceback (most recent call last):
  File "<frozen runpy>", line 198, in _run_module_as_main
  File "<frozen runpy>", line 88, in _run_code
  File "D:\www\micro-service-zoo\zoo-python-fastapi\.venv\Scripts\pip-compile.exe\__main__.py", line 6, in <module>
    sys.exit(cli())
             ~~~^^
  File "D:\www\micro-service-zoo\zoo-python-fastapi\.venv\Lib\site-packages\click\core.py", line 1462, in __call__
    return self.main(*args, **kwargs)
           ~~~~~~~~~^^^^^^^^^^^^^^^^^
  File "D:\www\micro-service-zoo\zoo-python-fastapi\.venv\Lib\site-packages\click\core.py", line 1383, in main
    rv = self.invoke(ctx)
  File "D:\www\micro-service-zoo\zoo-python-fastapi\.venv\Lib\site-packages\click\core.py", line 1246, in invoke
    return ctx.invoke(self.callback, **ctx.params)
           ~~~~~~~~~~^^^^^^^^^^^^^^^^^^^^^^^^^^^^^
  File "D:\www\micro-service-zoo\zoo-python-fastapi\.venv\Lib\site-packages\click\core.py", line 814, in invoke
    return callback(*args, **kwargs)
  File "D:\www\micro-service-zoo\zoo-python-fastapi\.venv\Lib\site-packages\click\decorators.py", line 34, in new_func
    return f(get_current_context(), *args, **kwargs)
  File "D:\www\micro-service-zoo\zoo-python-fastapi\.venv\Lib\site-packages\piptools\scripts\compile.py", line 392, in cli
    constraints.extend(
    ~~~~~~~~~~~~~~~~~~^
        parse_requirements(
        ^^^^^^^^^^^^^^^^^^^
    ...<4 lines>...
        )
        ^
    )
    ^
  File "D:\www\micro-service-zoo\zoo-python-fastapi\.venv\Lib\site-packages\piptools\_compat\pip_compat.py", line 115, in parse_requirements
    install_req = copy_install_requirement(install_req)
  File "D:\www\micro-service-zoo\zoo-python-fastapi\.venv\Lib\site-packages\piptools\utils.py", line 503, in copy_install_requirement
    "use_pep517": template.use_pep517,
                  ^^^^^^^^^^^^^^^^^^^
AttributeError: 'InstallRequirement' object has no attribute 'use_pep517'
